<?xml version="1.0" encoding="UTF-8" ?>
<testsuite tests="7" failures="0" name="CashTests" time="0.021" errors="0" skipped="0">
  <properties>
[...]
</properties>
  <testcase classname="CashTests" name="payTestTrue" time="0.014"/>
  <testcase classname="CashTests" name="payNegativeAmountTest" time="0.005"/>
  <testcase classname="CashTests" name="secondCashConstriuctorTest" time="0.001"/>
  <testcase classname="CashTests" name="firstCashConstructorTest" time="0.001"/>
  <testcase classname="CashTests" name="copyConstructorTest" time="0"/>
  <testcase classname="CashTests" name="payHighAmountFalseTest" time="0"/>
  <testcase classname="CashTests" name="payTestFalse" time="0"/>
</testsuite>